Arguments: 
  C:\Program Files\nodejs\node.exe C:\Users\ASUS\AppData\Roaming\npm\node_modules\yarn\bin\yarn.js add @types/excel-export

PATH: 
  C:\Program Files (x86)\NetSarang\Xshell 6\;C:\WINDOWS\system32;C:\WINDOWS;C:\WINDOWS\System32\Wbem;C:\WINDOWS\System32\WindowsPowerShell\v1.0\;C:\WINDOWS\System32\OpenSSH\;C:\Program Files\TortoiseGit\bin;C:\Program Files\Git\cmd;C:\Program Files\Intel\WiFi\bin\;C:\Program Files\Common Files\Intel\WirelessCommon\;C:\Program Files\nodejs\;C:\Users\ASUS\AppData\Local\Microsoft\WindowsApps;C:\Users\ASUS\AppData\Roaming\npm;

Yarn version: 
  1.22.10

Node version: 
  12.18.3

Platform: 
  win32 x64

Trace: 
  Error: http://10.12.102.194:4873/@types%2fexcel-export: no such package available
      at Request.params.callback [as _callback] (C:\Users\ASUS\AppData\Roaming\npm\node_modules\yarn\lib\cli.js:66988:18)
      at Request.self.callback (C:\Users\ASUS\AppData\Roaming\npm\node_modules\yarn\lib\cli.js:140662:22)
      at Request.emit (events.js:315:20)
      at Request.<anonymous> (C:\Users\ASUS\AppData\Roaming\npm\node_modules\yarn\lib\cli.js:141634:10)
      at Request.emit (events.js:315:20)
      at IncomingMessage.<anonymous> (C:\Users\ASUS\AppData\Roaming\npm\node_modules\yarn\lib\cli.js:141556:12)
      at Object.onceWrapper (events.js:421:28)
      at IncomingMessage.emit (events.js:327:22)
      at endReadableNT (_stream_readable.js:1220:12)
      at processTicksAndRejections (internal/process/task_queues.js:84:21)

npm manifest: 
  {
    "name": "ml-tool",
    "version": "1.0.0",
    "description": "工具集",
    "main": "index.js",
    "scripts": {
      "test": "echo \"Error: no test specified\" && exit 1"
    },
    "author": "wenlin",
    "license": "ISC",
    "dependencies": {
      "excel-export": "^0.5.1"
    },
    "devDependencies": {
      "@types/node": "^16.9.0",
      "ts-node": "^10.2.1",
      "typescript": "^4.4.2"
    }
  }

yarn manifest: 
  No manifest

Lockfile: 
  # THIS IS AN AUTOGENERATED FILE. DO NOT EDIT THIS FILE DIRECTLY.
  # yarn lockfile v1
  
  
  "@cspotcode/source-map-consumer@0.8.0":
    version "0.8.0"
    resolved "http://10.12.102.194:4873/@cspotcode%2fsource-map-consumer/-/source-map-consumer-0.8.0.tgz#33bf4b7b39c178821606f669bbc447a6a629786b"
    integrity sha1-M79LeznBeIIWBvZpu8RHpqYpeGs=
  
  "@cspotcode/source-map-support@0.6.1":
    version "0.6.1"
    resolved "http://10.12.102.194:4873/@cspotcode%2fsource-map-support/-/source-map-support-0.6.1.tgz#118511f316e2e87ee4294761868e254d3da47960"
    integrity sha1-EYUR8xbi6H7kKUdhho4lTT2keWA=
    dependencies:
      "@cspotcode/source-map-consumer" "0.8.0"
  
  "@tsconfig/node10@^1.0.7":
    version "1.0.8"
    resolved "http://10.12.102.194:4873/@tsconfig%2fnode10/-/node10-1.0.8.tgz#c1e4e80d6f964fbecb3359c43bd48b40f7cadad9"
    integrity sha1-weToDW+WT77LM1nEO9SLQPfK2tk=
  
  "@tsconfig/node12@^1.0.7":
    version "1.0.9"
    resolved "http://10.12.102.194:4873/@tsconfig%2fnode12/-/node12-1.0.9.tgz#62c1f6dee2ebd9aead80dc3afa56810e58e1a04c"
    integrity sha1-YsH23uLr2a6tgNw6+laBDljhoEw=
  
  "@tsconfig/node14@^1.0.0":
    version "1.0.1"
    resolved "http://10.12.102.194:4873/@tsconfig%2fnode14/-/node14-1.0.1.tgz#95f2d167ffb9b8d2068b0b235302fafd4df711f2"
    integrity sha1-lfLRZ/+5uNIGiwsjUwL6/U33EfI=
  
  "@tsconfig/node16@^1.0.2":
    version "1.0.2"
    resolved "http://10.12.102.194:4873/@tsconfig%2fnode16/-/node16-1.0.2.tgz#423c77877d0569db20e1fc80885ac4118314010e"
    integrity sha1-Qjx3h30Fadsg4fyAiFrEEYMUAQ4=
  
  "@types/node@^16.9.0":
    version "16.9.0"
    resolved "http://10.12.102.194:4873/@types%2fnode/-/node-16.9.0.tgz#d9512fe037472dcb58931ce19f837348db828a62"
    integrity sha1-2VEv4DdHLctYkxzhn4NzSNuCimI=
  
  acorn-walk@^8.1.1:
    version "8.2.0"
    resolved "http://10.12.102.194:4873/acorn-walk/-/acorn-walk-8.2.0.tgz#741210f2e2426454508853a2f44d0ab83b7f69c1"
    integrity sha1-dBIQ8uJCZFRQiFOi9E0KuDt/acE=
  
  acorn@^8.4.1:
    version "8.5.0"
    resolved "http://10.12.102.194:4873/acorn/-/acorn-8.5.0.tgz#4512ccb99b3698c752591e9bb4472e38ad43cee2"
    integrity sha1-RRLMuZs2mMdSWR6btEcuOK1DzuI=
  
  arg@^4.1.0:
    version "4.1.3"
    resolved "http://10.12.102.194:4873/arg/-/arg-4.1.3.tgz#269fc7ad5b8e42cb63c896d5666017261c144089"
    integrity sha1-Jp/HrVuOQstjyJbVZmAXJhwUQIk=
  
  collections@^3.0.0:
    version "3.0.0"
    resolved "http://10.12.102.194:4873/collections/-/collections-3.0.0.tgz#27e3894df1b24cedfc55a1bbb0c0da12f68bab31"
    integrity sha1-J+OJTfGyTO38VaG7sMDaEvaLqzE=
    dependencies:
      weak-map "~1.0.x"
  
  create-require@^1.1.0:
    version "1.1.1"
    resolved "http://10.12.102.194:4873/create-require/-/create-require-1.1.1.tgz#c1d7e8f1e5f6cfc9ff65f9cd352d37348756c333"
    integrity sha1-wdfo8eX2z8n/ZfnNNS03NIdWwzM=
  
  diff@^4.0.1:
    version "4.0.2"
    resolved "http://10.12.102.194:4873/diff/-/diff-4.0.2.tgz#60f3aecb89d5fae520c11aa19efc2bb982aade7d"
    integrity sha1-YPOuy4nV+uUgwRqhnvwruYKq3n0=
  
  excel-export@^0.5.1:
    version "0.5.1"
    resolved "http://10.12.102.194:4873/excel-export/-/excel-export-0.5.1.tgz#6d08787f98b2ec931e4b3dcff18cc9083bbb8b77"
    integrity sha1-bQh4f5iy7JMeSz3P8YzJCDu7i3c=
    dependencies:
      collections "^3.0.0"
      node-zip "1.x"
  
  jszip@2.5.0:
    version "2.5.0"
    resolved "http://10.12.102.194:4873/jszip/-/jszip-2.5.0.tgz#7444fd8551ddf3e5da7198fea0c91bc8308cc274"
    integrity sha1-dET9hVHd8+XacZj+oMkbyDCMwnQ=
    dependencies:
      pako "~0.2.5"
  
  make-error@^1.1.1:
    version "1.3.6"
    resolved "http://10.12.102.194:4873/make-error/-/make-error-1.3.6.tgz#2eb2e37ea9b67c4891f684a1394799af484cf7a2"
    integrity sha1-LrLjfqm2fEiR9oShOUeZr0hM96I=
  
  node-zip@1.x:
    version "1.1.1"
    resolved "http://10.12.102.194:4873/node-zip/-/node-zip-1.1.1.tgz#94d1ad674a3cd46a1588dd736f4a9a78c757eb62"
    integrity sha1-lNGtZ0o81GoViN1zb0qaeMdX62I=
    dependencies:
      jszip "2.5.0"
  
  pako@~0.2.5:
    version "0.2.9"
    resolved "http://10.12.102.194:4873/pako/-/pako-0.2.9.tgz#f3f7522f4ef782348da8161bad9ecfd51bf83a75"
    integrity sha1-8/dSL073gjSNqBYbrZ7P1Rv4OnU=
  
  ts-node@^10.2.1:
    version "10.2.1"
    resolved "http://10.12.102.194:4873/ts-node/-/ts-node-10.2.1.tgz#4cc93bea0a7aba2179497e65bb08ddfc198b3ab5"
    integrity sha1-TMk76gp6uiF5SX5luwjd/BmLOrU=
    dependencies:
      "@cspotcode/source-map-support" "0.6.1"
      "@tsconfig/node10" "^1.0.7"
      "@tsconfig/node12" "^1.0.7"
      "@tsconfig/node14" "^1.0.0"
      "@tsconfig/node16" "^1.0.2"
      acorn "^8.4.1"
      acorn-walk "^8.1.1"
      arg "^4.1.0"
      create-require "^1.1.0"
      diff "^4.0.1"
      make-error "^1.1.1"
      yn "3.1.1"
  
  typescript@^4.4.2:
    version "4.4.2"
    resolved "http://10.12.102.194:4873/typescript/-/typescript-4.4.2.tgz#6d618640d430e3569a1dfb44f7d7e600ced3ee86"
    integrity sha1-bWGGQNQw41aaHftE99fmAM7T7oY=
  
  weak-map@~1.0.x:
    version "1.0.5"
    resolved "http://10.12.102.194:4873/weak-map/-/weak-map-1.0.5.tgz#79691584d98607f5070bd3b70a40e6bb22e401eb"
    integrity sha1-eWkVhNmGB/UHC9O3CkDmuyLkAes=
  
  yn@3.1.1:
    version "3.1.1"
    resolved "http://10.12.102.194:4873/yn/-/yn-3.1.1.tgz#1e87401a09d767c1d5eab26a6e4c185182d2eb50"
    integrity sha1-HodAGgnXZ8HV6rJqbkwYUYLS61A=
